android-agent/app/build/intermediates/manifest_merge_blame_file/debug/manifest-merger-blame-debug-report.txt
1<?xml version="1.0" encoding="utf-8"?>
2<manifest xmlns:android="http://schemas.android.com/apk/res/android"
3    package="com.guardian.mesh"
4    android:versionCode="1"
5    android:versionName="1.0" >
6
7    <uses-sdk
8        android:minSdkVersion="26"
9        android:targetSdkVersion="34" />
10
11    <uses-feature
11-->src\main\AndroidManifest.xml:5:5-7:36
12        android:name="android.hardware.camera"
12-->src\main\AndroidManifest.xml:6:9-47
13        android:required="false" />
13-->src\main\AndroidManifest.xml:7:9-33
14
15    <uses-permission android:name="android.permission.INTERNET" />
15-->src\main\AndroidManifest.xml:9:5-67
15-->src\main\AndroidManifest.xml:9:22-64
16    <uses-permission android:name="android.permission.ACCESS_FINE_LOCATION" />
16-->src\main\AndroidManifest.xml:10:5-79
16-->src\main\AndroidManifest.xml:10:22-76
17    <uses-permission android:name="android.permission.ACCESS_COARSE_LOCATION" />
17-->src\main\AndroidManifest.xml:11:5-81
17-->src\main\AndroidManifest.xml:11:22-78
18    <uses-permission android:name="android.permission.ACCESS_BACKGROUND_LOCATION" />
18-->src\main\AndroidManifest.xml:12:5-85
18-->src\main\AndroidManifest.xml:12:22-82
19    <uses-permission android:name="android.permission.BODY_SENSORS" />
19-->src\main\AndroidManifest.xml:13:5-71
19-->src\main\AndroidManifest.xml:13:22-68
20    <uses-permission android:name="android.permission.BLUETOOTH" />
20-->src\main\AndroidManifest.xml:14:5-68
20-->src\main\AndroidManifest.xml:14:22-65
21    <uses-permission android:name="android.permission.BLUETOOTH_ADMIN" />
21-->src\main\AndroidManifest.xml:15:5-74
21-->src\main\AndroidManifest.xml:15:22-71
22    <uses-permission android:name="android.permission.BLUETOOTH_SCAN" />
22-->src\main\AndroidManifest.xml:16:5-73
22-->src\main\AndroidManifest.xml:16:22-70
23    <uses-permission android:name="android.permission.BLUETOOTH_CONNECT" />
23-->src\main\AndroidManifest.xml:17:5-76
23-->src\main\AndroidManifest.xml:17:22-73
24    <uses-permission android:name="android.permission.POST_NOTIFICATIONS" />
24-->src\main\AndroidManifest.xml:18:5-77
24-->src\main\AndroidManifest.xml:18:22-74
25    <uses-permission android:name="android.permission.USE_BIOMETRIC" />
25-->src\main\AndroidManifest.xml:19:5-72
25-->src\main\AndroidManifest.xml:19:22-69
26    <uses-permission android:name="android.permission.CAMERA" />
26-->src\main\AndroidManifest.xml:20:5-65
26-->src\main\AndroidManifest.xml:20:22-62
27    <uses-permission android:name="android.permission.SYSTEM_ALERT_WINDOW" />
27-->src\main\AndroidManifest.xml:21:5-78
27-->src\main\AndroidManifest.xml:21:22-75
28    <uses-permission android:name="android.permission.FOREGROUND_SERVICE" />
28-->src\main\AndroidManifest.xml:22:5-77
28-->src\main\AndroidManifest.xml:22:22-74
29    <uses-permission android:name="android.permission.FOREGROUND_SERVICE_LOCATION" />
29-->src\main\AndroidManifest.xml:23:5-86
29-->src\main\AndroidManifest.xml:23:22-83
30    <uses-permission android:name="android.permission.FOREGROUND_SERVICE_CAMERA" />
30-->src\main\AndroidManifest.xml:25:5-84
30-->src\main\AndroidManifest.xml:25:22-81
31
32    <!-- suppress DeprecatedClassUsageInspection -->
33    <uses-permission android:name="android.permission.USE_FINGERPRINT" />
33-->[androidx.biometric:biometric:1.2.0-alpha05] AndroidManifest.xml:25:5-74
33-->[androidx.biometric:biometric:1.2.0-alpha05] AndroidManifest.xml:25:22-71
34
35    <queries>
35-->[androidx.camera:camera-extensions:1.3.0-alpha04] AndroidManifest.xml:22:5-26:15
36        <intent>
36-->[androidx.camera:camera-extensions:1.3.0-alpha04] AndroidManifest.xml:23:9-25:18
37            <action android:name="androidx.camera.extensions.action.VENDOR_ACTION" />
37-->[androidx.camera:camera-extensions:1.3.0-alpha04] AndroidManifest.xml:24:13-86
37-->[androidx.camera:camera-extensions:1.3.0-alpha04] AndroidManifest.xml:24:21-83
38        </intent>
39    </queries>
40
41    <permission
41-->[androidx.core:core:1.13.1] AndroidManifest.xml:22:5-24:47
42        android:name="com.guardian.mesh.DYNAMIC_RECEIVER_NOT_EXPORTED_PERMISSION"
42-->[androidx.core:core:1.13.1] AndroidManifest.xml:23:9-81
43        android:protectionLevel="signature" />
43-->[androidx.core:core:1.13.1] AndroidManifest.xml:24:9-44
44
45    <uses-permission android:name="com.guardian.mesh.DYNAMIC_RECEIVER_NOT_EXPORTED_PERMISSION" /> <!-- Although the *SdkVersion is captured in gradle build files, this is required for non gradle builds -->
45-->[androidx.core:core:1.13.1] AndroidManifest.xml:26:5-97
45-->[androidx.core:core:1.13.1] AndroidManifest.xml:26:22-94
46    <!-- <uses-sdk android:minSdkVersion="14"/> -->
47    <uses-permission android:name="android.permission.ACCESS_NETWORK_STATE" />
47-->[com.google.android.datatransport:transport-backend-cct:2.3.3] AndroidManifest.xml:25:5-79
47-->[com.google.android.datatransport:transport-backend-cct:2.3.3] AndroidManifest.xml:25:22-76
48
49    <application
49-->src\main\AndroidManifest.xml:27:5-139:19
50        android:name="com.guardian.mesh.GuardianApp"
50-->src\main\AndroidManifest.xml:28:9-36
51        android:allowBackup="true"
51-->src\main\AndroidManifest.xml:29:9-35
52        android:appComponentFactory="androidx.core.app.CoreComponentFactory"
52-->[androidx.core:core:1.13.1] AndroidManifest.xml:28:18-86
53        android:dataExtractionRules="@xml/data_extraction_rules"
53-->src\main\AndroidManifest.xml:30:9-65
54        android:debuggable="true"
55        android:extractNativeLibs="false"
56        android:fullBackupContent="@xml/backup_rules"
56-->src\main\AndroidManifest.xml:31:9-54
57        android:icon="@mipmap/ic_launcher"
57-->src\main\AndroidManifest.xml:33:9-43
58        android:label="Guardian Mesh"
58-->src\main\AndroidManifest.xml:34:9-38
59        android:networkSecurityConfig="@xml/network_security_config"
59-->src\main\AndroidManifest.xml:32:9-69
60        android:roundIcon="@mipmap/ic_launcher_round"
60-->src\main\AndroidManifest.xml:35:9-54
61        android:supportsRtl="true"
61-->src\main\AndroidManifest.xml:36:9-35
62        android:testOnly="true"
63        android:theme="@style/Theme.GuardianMesh" >
63-->src\main\AndroidManifest.xml:37:9-50
64        <service
64-->src\main\AndroidManifest.xml:40:9-44:63
65            android:name="com.guardian.mesh.GuardianService"
65-->src\main\AndroidManifest.xml:41:13-44
66            android:enabled="true"
66-->src\main\AndroidManifest.xml:42:13-35
67            android:exported="false"
67-->src\main\AndroidManifest.xml:43:13-37
68            android:foregroundServiceType="location|camera" />
68-->src\main\AndroidManifest.xml:44:13-60
69
70        <activity
70-->src\main\AndroidManifest.xml:46:9-53:20
71            android:name="com.guardian.mesh.LauncherActivity"
71-->src\main\AndroidManifest.xml:47:13-45
72            android:exported="true" >
72-->src\main\AndroidManifest.xml:48:13-36
73            <intent-filter>
73-->src\main\AndroidManifest.xml:49:13-52:29
74                <action android:name="android.intent.action.MAIN" />
74-->src\main\AndroidManifest.xml:50:17-69
74-->src\main\AndroidManifest.xml:50:25-66
75
76                <category android:name="android.intent.category.LAUNCHER" />
76-->src\main\AndroidManifest.xml:51:17-77
76-->src\main\AndroidManifest.xml:51:27-74
77            </intent-filter>
78        </activity>
79        <activity
79-->src\main\AndroidManifest.xml:55:9-57:40
80            android:name="com.guardian.mesh.MainActivity"
80-->src\main\AndroidManifest.xml:56:13-41
81            android:exported="false" />
81-->src\main\AndroidManifest.xml:57:13-37
82        <activity
82-->src\main\AndroidManifest.xml:59:9-61:40
83            android:name="com.guardian.mesh.ui.VaultActivity"
83-->src\main\AndroidManifest.xml:60:13-45
84            android:exported="false" />
84-->src\main\AndroidManifest.xml:61:13-37
85        <activity
85-->src\main\AndroidManifest.xml:63:9-65:40
86            android:name="com.guardian.mesh.ui.AddCredentialActivity"
86-->src\main\AndroidManifest.xml:64:13-53
87            android:exported="false" />
87-->src\main\AndroidManifest.xml:65:13-37
88        <activity
88-->src\main\AndroidManifest.xml:67:9-69:40
89            android:name="com.guardian.mesh.ui.ScannerActivity"
89-->src\main\AndroidManifest.xml:68:13-47
90            android:exported="false" />
90-->src\main\AndroidManifest.xml:69:13-37
91        <activity
91-->src\main\AndroidManifest.xml:71:9-73:40
92            android:name="com.guardian.mesh.ui.MeshActivity"
92-->src\main\AndroidManifest.xml:72:13-44
93            android:exported="false" />
93-->src\main\AndroidManifest.xml:73:13-37
94        <activity
94-->src\main\AndroidManifest.xml:75:9-77:40
95            android:name="com.guardian.mesh.ui.RegistrationActivity"
95-->src\main\AndroidManifest.xml:76:13-52
96            android:exported="false" />
96-->src\main\AndroidManifest.xml:77:13-37
97        <activity
97-->src\main\AndroidManifest.xml:79:9-81:40
98            android:name="com.guardian.mesh.ui.LoginActivity"
98-->src\main\AndroidManifest.xml:80:13-45
99            android:exported="false" />
99-->src\main\AndroidManifest.xml:81:13-37
100        <activity
100-->src\main\AndroidManifest.xml:83:9-85:40
101            android:name="com.guardian.mesh.ui.AuthRequestActivity"
101-->src\main\AndroidManifest.xml:84:13-51
102            android:exported="false" />
102-->src\main\AndroidManifest.xml:85:13-37
103        <activity
103-->src\main\AndroidManifest.xml:87:9-89:40
104            android:name="com.guardian.mesh.ui.CredentialDetailActivity"
104-->src\main\AndroidManifest.xml:88:13-56
105            android:exported="false" />
105-->src\main\AndroidManifest.xml:89:13-37
106
107        <service
107-->src\main\AndroidManifest.xml:93:9-104:19
108            android:name="com.guardian.mesh.autofill.GuardianAutofillService"
108-->src\main\AndroidManifest.xml:94:13-61
109            android:exported="true"
109-->src\main\AndroidManifest.xml:97:13-36
110            android:label="Guardian Mesh Agent"
110-->src\main\AndroidManifest.xml:95:13-48
111            android:permission="android.permission.BIND_AUTOFILL_SERVICE" >
111-->src\main\AndroidManifest.xml:96:13-74
112            <intent-filter>
112-->src\main\AndroidManifest.xml:98:13-100:29
113                <action android:name="android.service.autofill.AutofillService" />
113-->src\main\AndroidManifest.xml:99:17-83
113-->src\main\AndroidManifest.xml:99:25-80
114            </intent-filter>
115
116            <meta-data
116-->src\main\AndroidManifest.xml:101:13-103:67
117                android:name="android.service.autofill"
117-->src\main\AndroidManifest.xml:102:17-56
118                android:resource="@xml/autofill_service_config" />
118-->src\main\AndroidManifest.xml:103:17-64
119        </service>
120        <service
120-->src\main\AndroidManifest.xml:106:9-117:19
121            android:name="com.guardian.mesh.accessibility.GuardianAccessibilityService"
121-->src\main\AndroidManifest.xml:107:13-71
122            android:exported="true"
122-->src\main\AndroidManifest.xml:110:13-36
123            android:label="Guardian Mesh Agent (Accessibility)"
123-->src\main\AndroidManifest.xml:108:13-64
124            android:permission="android.permission.BIND_ACCESSIBILITY_SERVICE" >
124-->src\main\AndroidManifest.xml:109:13-79
125            <intent-filter>
125-->src\main\AndroidManifest.xml:111:13-113:29
126                <action android:name="android.accessibilityservice.AccessibilityService" />
126-->src\main\AndroidManifest.xml:112:17-92
126-->src\main\AndroidManifest.xml:112:25-89
127            </intent-filter>
128
129            <meta-data
129-->src\main\AndroidManifest.xml:114:13-116:72
130                android:name="android.accessibilityservice"
130-->src\main\AndroidManifest.xml:115:17-60
131                android:resource="@xml/accessibility_service_config" />
131-->src\main\AndroidManifest.xml:116:17-69
132        </service>
133        <service
133-->src\main\AndroidManifest.xml:119:9-127:19
134            android:name="com.guardian.mesh.otp.GuardianNotificationService"
134-->src\main\AndroidManifest.xml:120:13-60
135            android:exported="true"
135-->src\main\AndroidManifest.xml:123:13-36
136            android:label="Guardian Mesh OTP Reader"
136-->src\main\AndroidManifest.xml:121:13-53
137            android:permission="android.permission.BIND_NOTIFICATION_LISTENER_SERVICE" >
137-->src\main\AndroidManifest.xml:122:13-87
138            <intent-filter>
138-->src\main\AndroidManifest.xml:124:13-126:29
139                <action android:name="android.service.notification.NotificationListenerService" />
139-->src\main\AndroidManifest.xml:125:17-99
139-->src\main\AndroidManifest.xml:125:25-96
140            </intent-filter>
141        </service>
142
143        <!-- Disable ProfileInstaller to prevent native SIGSEGV crash on startup -->
144        <provider
145            android:name="androidx.startup.InitializationProvider"
145-->src\main\AndroidManifest.xml:131:13-67
146            android:authorities="com.guardian.mesh.androidx-startup"
146-->src\main\AndroidManifest.xml:132:13-68
147            android:exported="false" >
147-->src\main\AndroidManifest.xml:134:13-37
148            <meta-data
148-->[androidx.emoji2:emoji2:1.2.0] AndroidManifest.xml:29:13-31:52
149                android:name="androidx.emoji2.text.EmojiCompatInitializer"
149-->[androidx.emoji2:emoji2:1.2.0] AndroidManifest.xml:30:17-75
150                android:value="androidx.startup" />
150-->[androidx.emoji2:emoji2:1.2.0] AndroidManifest.xml:31:17-49
151            <meta-data
151-->[androidx.lifecycle:lifecycle-process:2.10.0] AndroidManifest.xml:29:13-31:52
152                android:name="androidx.lifecycle.ProcessLifecycleInitializer"
152-->[androidx.lifecycle:lifecycle-process:2.10.0] AndroidManifest.xml:30:17-78
153                android:value="androidx.startup" />
153-->[androidx.lifecycle:lifecycle-process:2.10.0] AndroidManifest.xml:31:17-49
154        </provider>
155
156        <uses-library
156-->[androidx.camera:camera-extensions:1.3.0-alpha04] AndroidManifest.xml:29:9-31:40
157            android:name="androidx.camera.extensions.impl"
157-->[androidx.camera:camera-extensions:1.3.0-alpha04] AndroidManifest.xml:30:13-59
158            android:required="false" />
158-->[androidx.camera:camera-extensions:1.3.0-alpha04] AndroidManifest.xml:31:13-37
159
160        <service
160-->[androidx.camera:camera-camera2:1.3.0-alpha04] AndroidManifest.xml:24:9-33:19
161            android:name="androidx.camera.core.impl.MetadataHolderService"
161-->[androidx.camera:camera-camera2:1.3.0-alpha04] AndroidManifest.xml:25:13-75
162            android:enabled="false"
162-->[androidx.camera:camera-camera2:1.3.0-alpha04] AndroidManifest.xml:26:13-36
163            android:exported="false" >
163-->[androidx.camera:camera-camera2:1.3.0-alpha04] AndroidManifest.xml:27:13-37
164            <meta-data
164-->[androidx.camera:camera-camera2:1.3.0-alpha04] AndroidManifest.xml:30:13-32:89
165                android:name="androidx.camera.core.impl.MetadataHolderService.DEFAULT_CONFIG_PROVIDER"
165-->[androidx.camera:camera-camera2:1.3.0-alpha04] AndroidManifest.xml:31:17-103
166                android:value="androidx.camera.camera2.Camera2Config$DefaultProvider" />
166-->[androidx.camera:camera-camera2:1.3.0-alpha04] AndroidManifest.xml:32:17-86
167        </service>
168        <service
168-->[com.google.android.gms:play-services-mlkit-face-detection:17.0.1] AndroidManifest.xml:9:9-15:19
169            android:name="com.google.mlkit.common.internal.MlKitComponentDiscoveryService"
169-->[com.google.android.gms:play-services-mlkit-face-detection:17.0.1] AndroidManifest.xml:10:13-91
170            android:directBootAware="true"
170-->[com.google.mlkit:common:18.9.0] AndroidManifest.xml:17:13-43
171            android:exported="false" >
171-->[com.google.android.gms:play-services-mlkit-face-detection:17.0.1] AndroidManifest.xml:11:13-37
172            <meta-data
172-->[com.google.android.gms:play-services-mlkit-face-detection:17.0.1] AndroidManifest.xml:12:13-14:85
173                android:name="com.google.firebase.components:com.google.mlkit.vision.face.internal.FaceRegistrar"
173-->[com.google.android.gms:play-services-mlkit-face-detection:17.0.1] AndroidManifest.xml:13:17-114
174                android:value="com.google.firebase.components.ComponentRegistrar" />
174-->[com.google.android.gms:play-services-mlkit-face-detection:17.0.1] AndroidManifest.xml:14:17-82
175            <meta-data
175-->[com.google.android.gms:play-services-mlkit-barcode-scanning:18.3.0] AndroidManifest.xml:12:13-14:85
176                android:name="com.google.firebase.components:com.google.mlkit.vision.barcode.internal.BarcodeRegistrar"
176-->[com.google.android.gms:play-services-mlkit-barcode-scanning:18.3.0] AndroidManifest.xml:13:17-120
177                android:value="com.google.firebase.components.ComponentRegistrar" />
177-->[com.google.android.gms:play-services-mlkit-barcode-scanning:18.3.0] AndroidManifest.xml:14:17-82
178            <meta-data
178-->[com.google.mlkit:vision-common:17.3.0] AndroidManifest.xml:12:13-14:85
179                android:name="com.google.firebase.components:com.google.mlkit.vision.common.internal.VisionCommonRegistrar"
179-->[com.google.mlkit:vision-common:17.3.0] AndroidManifest.xml:13:17-124
180                android:value="com.google.firebase.components.ComponentRegistrar" />
180-->[com.google.mlkit:vision-common:17.3.0] AndroidManifest.xml:14:17-82
181            <meta-data
181-->[com.google.mlkit:common:18.9.0] AndroidManifest.xml:20:13-22:85
182                android:name="com.google.firebase.components:com.google.mlkit.common.internal.CommonComponentRegistrar"
182-->[com.google.mlkit:common:18.9.0] AndroidManifest.xml:21:17-120
183                android:value="com.google.firebase.components.ComponentRegistrar" />
183-->[com.google.mlkit:common:18.9.0] AndroidManifest.xml:22:17-82
184        </service>
185
186        <provider
186-->[com.google.mlkit:common:18.9.0] AndroidManifest.xml:9:9-13:38
187            android:name="com.google.mlkit.common.internal.MlKitInitProvider"
187-->[com.google.mlkit:common:18.9.0] AndroidManifest.xml:10:13-78
188            android:authorities="com.guardian.mesh.mlkitinitprovider"
188-->[com.google.mlkit:common:18.9.0] AndroidManifest.xml:11:13-69
189            android:exported="false"
189-->[com.google.mlkit:common:18.9.0] AndroidManifest.xml:12:13-37
190            android:initOrder="99" />
190-->[com.google.mlkit:common:18.9.0] AndroidManifest.xml:13:13-35
191
192        <activity
192-->[com.google.android.gms:play-services-base:18.1.0] AndroidManifest.xml:20:9-22:45
193            android:name="com.google.android.gms.common.api.GoogleApiActivity"
193-->[com.google.android.gms:play-services-base:18.1.0] AndroidManifest.xml:20:19-85
194            android:exported="false"
194-->[com.google.android.gms:play-services-base:18.1.0] AndroidManifest.xml:22:19-43
195            android:theme="@android:style/Theme.Translucent.NoTitleBar" />
195-->[com.google.android.gms:play-services-base:18.1.0] AndroidManifest.xml:21:19-78
196
197        <meta-data
197-->[com.google.android.gms:play-services-basement:18.1.0] AndroidManifest.xml:21:9-23:69
198            android:name="com.google.android.gms.version"
198-->[com.google.android.gms:play-services-basement:18.1.0] AndroidManifest.xml:22:13-58
199            android:value="@integer/google_play_services_version" />
199-->[com.google.android.gms:play-services-basement:18.1.0] AndroidManifest.xml:23:13-66
200
201        <receiver
201-->[androidx.profileinstaller:profileinstaller:1.4.0] AndroidManifest.xml:34:9-52:20
202            android:name="androidx.profileinstaller.ProfileInstallReceiver"
202-->[androidx.profileinstaller:profileinstaller:1.4.0] AndroidManifest.xml:35:13-76
203            android:directBootAware="false"
203-->[androidx.profileinstaller:profileinstaller:1.4.0] AndroidManifest.xml:36:13-44
204            android:enabled="true"
204-->[androidx.profileinstaller:profileinstaller:1.4.0] AndroidManifest.xml:37:13-35
205            android:exported="true"
205-->[androidx.profileinstaller:profileinstaller:1.4.0] AndroidManifest.xml:38:13-36
206            android:permission="android.permission.DUMP" >
206-->[androidx.profileinstaller:profileinstaller:1.4.0] AndroidManifest.xml:39:13-57
207            <intent-filter>
207-->[androidx.profileinstaller:profileinstaller:1.4.0] AndroidManifest.xml:40:13-42:29
208                <action android:name="androidx.profileinstaller.action.INSTALL_PROFILE" />
208-->[androidx.profileinstaller:profileinstaller:1.4.0] AndroidManifest.xml:41:17-91
208-->[androidx.profileinstaller:profileinstaller:1.4.0] AndroidManifest.xml:41:25-88
209            </intent-filter>
210            <intent-filter>
210-->[androidx.profileinstaller:profileinstaller:1.4.0] AndroidManifest.xml:43:13-45:29
211                <action android:name="androidx.profileinstaller.action.SKIP_FILE" />
211-->[androidx.profileinstaller:profileinstaller:1.4.0] AndroidManifest.xml:44:17-85
211-->[androidx.profileinstaller:profileinstaller:1.4.0] AndroidManifest.xml:44:25-82
212            </intent-filter>
213            <intent-filter>
213-->[androidx.profileinstaller:profileinstaller:1.4.0] AndroidManifest.xml:46:13-48:29
214                <action android:name="androidx.profileinstaller.action.SAVE_PROFILE" />
214-->[androidx.profileinstaller:profileinstaller:1.4.0] AndroidManifest.xml:47:17-88
214-->[androidx.profileinstaller:profileinstaller:1.4.0] AndroidManifest.xml:47:25-85
215            </intent-filter>
216            <intent-filter>
216-->[androidx.profileinstaller:profileinstaller:1.4.0] AndroidManifest.xml:49:13-51:29
217                <action android:name="androidx.profileinstaller.action.BENCHMARK_OPERATION" />
217-->[androidx.profileinstaller:profileinstaller:1.4.0] AndroidManifest.xml:50:17-95
217-->[androidx.profileinstaller:profileinstaller:1.4.0] AndroidManifest.xml:50:25-92
218            </intent-filter>
219        </receiver>
220
221        <service
221-->[com.google.android.datatransport:transport-backend-cct:2.3.3] AndroidManifest.xml:29:9-35:19
222            android:name="com.google.android.datatransport.runtime.backends.TransportBackendDiscovery"
222-->[com.google.android.datatransport:transport-backend-cct:2.3.3] AndroidManifest.xml:30:13-103
223            android:exported="false" >
223-->[com.google.android.datatransport:transport-backend-cct:2.3.3] AndroidManifest.xml:31:13-37
224            <meta-data
224-->[com.google.android.datatransport:transport-backend-cct:2.3.3] AndroidManifest.xml:32:13-34:39
225                android:name="backend:com.google.android.datatransport.cct.CctBackendFactory"
225-->[com.google.android.datatransport:transport-backend-cct:2.3.3] AndroidManifest.xml:33:17-94
226                android:value="cct" />
226-->[com.google.android.datatransport:transport-backend-cct:2.3.3] AndroidManifest.xml:34:17-36
227        </service>
228        <service
228-->[com.google.android.datatransport:transport-runtime:2.2.6] AndroidManifest.xml:26:9-30:19
229            android:name="com.google.android.datatransport.runtime.scheduling.jobscheduling.JobInfoSchedulerService"
229-->[com.google.android.datatransport:transport-runtime:2.2.6] AndroidManifest.xml:27:13-117
230            android:exported="false"
230-->[com.google.android.datatransport:transport-runtime:2.2.6] AndroidManifest.xml:28:13-37
231            android:permission="android.permission.BIND_JOB_SERVICE" >
231-->[com.google.android.datatransport:transport-runtime:2.2.6] AndroidManifest.xml:29:13-69
232        </service>
233
234        <receiver
234-->[com.google.android.datatransport:transport-runtime:2.2.6] AndroidManifest.xml:32:9-34:40
235            android:name="com.google.android.datatransport.runtime.scheduling.jobscheduling.AlarmManagerSchedulerBroadcastReceiver"
235-->[com.google.android.datatransport:transport-runtime:2.2.6] AndroidManifest.xml:33:13-132
236            android:exported="false" />
236-->[com.google.android.datatransport:transport-runtime:2.2.6] AndroidManifest.xml:34:13-37
237    </application>
238
239</manifest>